<?xml version="1.0" encoding="UTF-8"?>
<testsuite xmlns:xsi="http://www.w3.org/2001/XMLSchema-instance" xsi:noNamespaceSchemaLocation="https://maven.apache.org/surefire/maven-surefire-plugin/xsd/surefire-test-report-3.0.xsd" version="3.0" name="com.example.mti.controller.MtiScoresControllerTest" time="3.699" tests="8" errors="0" skipped="0" failures="0">
  <properties>
[...]
</properties>
  <testcase name="getMtiScores_noFilters_returns200" classname="com.example.mti.controller.MtiScoresControllerTest" time="0.335">
    <system-out><![CDATA[05:50:03.268 [main] INFO org.springframework.test.context.support.AnnotationConfigContextLoaderUtils -- Could not detect default configuration classes for test class [com.example.mti.controller.MtiScoresControllerTest]: MtiScoresControllerTest does not declare any static, non-private, non-final, nested classes annotated with @Configuration.
05:50:03.374 [main] INFO org.springframework.boot.test.context.SpringBootTestContextBootstrapper -- Found @SpringBootConfiguration com.example.mti.MtiScoresApplication for test class com.example.mti.controller.MtiScoresControllerTest

  .   ____          _            __ _ _
 /\\ / ___'_ __ _ _(_)_ __  __ _ \ \ \ \
( ( )\___ | '_ | '_| | '_ \/ _` | \ \ \ \
 \\/  ___)| |_)| | | | | || (_| |  ) ) ) )
  '  |____| .__|_| |_|_| |_\__, | / / / /
 =========|_|==============|___/=/_/_/_/
 :: Spring Boot ::                (v3.2.3)

2026-03-15T05:50:03.852Z  INFO 775 --- [           main] c.e.m.c.MtiScoresControllerTest          : Starting MtiScoresControllerTest using Java 17.0.18 with PID 775 (started by appuser in /workspace/f3681faa-01e9-4158-b05c-1632ffba6c79/repo/source)
2026-03-15T05:50:03.854Z  INFO 775 --- [           main] c.e.m.c.MtiScoresControllerTest          : No active profile set, falling back to 1 default profile: "default"
2026-03-15T05:50:06.412Z  INFO 775 --- [           main] o.s.b.t.m.w.SpringBootMockServletContext : Initializing Spring TestDispatcherServlet ''
2026-03-15T05:50:06.413Z  INFO 775 --- [           main] o.s.t.web.servlet.TestDispatcherServlet  : Initializing Servlet ''
2026-03-15T05:50:06.416Z  INFO 775 --- [           main] o.s.t.web.servlet.TestDispatcherServlet  : Completed initialization in 1 ms
2026-03-15T05:50:06.461Z  INFO 775 --- [           main] c.e.m.c.MtiScoresControllerTest          : Started MtiScoresControllerTest in 2.986 seconds (process running for 4.737)
2026-03-15T05:50:06.682Z  INFO 775 --- [           main] c.e.mti.controller.MtiScoresController   : Request getMtiScores imo=9123456 year=null month=null
2026-03-15T05:50:06.686Z  INFO 775 --- [           main] c.e.mti.controller.MtiScoresController   : Response getMtiScores imo=9123456 status=200
]]></system-out>
  </testcase>
  <testcase name="getMtiScores_imoNotFound_returns404" classname="com.example.mti.controller.MtiScoresControllerTest" time="0.025">
    <system-out><![CDATA[2026-03-15T05:50:06.825Z  INFO 775 --- [           main] c.e.mti.controller.MtiScoresController   : Request getMtiScores imo=9999999 year=null month=null
2026-03-15T05:50:06.828Z  WARN 775 --- [           main] c.e.m.exception.GlobalExceptionHandler   : Business error errorCode=ERR_101 message=No MTI scores found for IMO 9999999
]]></system-out>
  </testcase>
  <testcase name="getMtiScores_invalidImoFormat_returns400" classname="com.example.mti.controller.MtiScoresControllerTest" time="0.017">
    <system-out><![CDATA[2026-03-15T05:50:06.858Z  WARN 775 --- [           main] c.e.m.exception.GlobalExceptionHandler   : Constraint violation path=getMtiScores.imo message=IMO number must be exactly 7 digits
]]></system-out>
  </testcase>
  <testcase name="getMtiScores_yearFilter_returns200" classname="com.example.mti.controller.MtiScoresControllerTest" time="0.011">
    <system-out><![CDATA[2026-03-15T05:50:06.875Z  INFO 775 --- [           main] c.e.mti.controller.MtiScoresController   : Request getMtiScores imo=9123456 year=2023 month=null
2026-03-15T05:50:06.876Z  INFO 775 --- [           main] c.e.mti.controller.MtiScoresController   : Response getMtiScores imo=9123456 status=200
]]></system-out>
  </testcase>
  <testcase name="getMtiScores_monthWithoutYear_returns400" classname="com.example.mti.controller.MtiScoresControllerTest" time="0.012">
    <system-out><![CDATA[2026-03-15T05:50:06.893Z  INFO 775 --- [           main] c.e.mti.controller.MtiScoresController   : Request getMtiScores imo=9123456 year=null month=6
2026-03-15T05:50:06.894Z  WARN 775 --- [           main] c.e.m.exception.GlobalExceptionHandler   : Business error errorCode=ERR_102 message=Month parameter requires year parameter to be specified
]]></system-out>
  </testcase>
  <testcase name="getMtiScores_yearAndMonthFilter_returns200" classname="com.example.mti.controller.MtiScoresControllerTest" time="0.014">
    <system-out><![CDATA[2026-03-15T05:50:06.907Z  INFO 775 --- [           main] c.e.mti.controller.MtiScoresController   : Request getMtiScores imo=9123456 year=2023 month=6
2026-03-15T05:50:06.907Z  INFO 775 --- [           main] c.e.mti.controller.MtiScoresController   : Response getMtiScores imo=9123456 status=200
]]></system-out>
  </testcase>
  <testcase name="getMtiScores_invalidMonth_returns400" classname="com.example.mti.controller.MtiScoresControllerTest" time="0.01">
    <system-out><![CDATA[2026-03-15T05:50:06.919Z  WARN 775 --- [           main] c.e.m.exception.GlobalExceptionHandler   : Constraint violation path=getMtiScores.month message=Month must be <= 12
]]></system-out>
  </testcase>
  <testcase name="getMtiScores_nullScores_returnsNullFields" classname="com.example.mti.controller.MtiScoresControllerTest" time="0.014">
    <system-out><![CDATA[2026-03-15T05:50:06.938Z  INFO 775 --- [           main] c.e.mti.controller.MtiScoresController   : Request getMtiScores imo=9123457 year=null month=null
2026-03-15T05:50:06.938Z  INFO 775 --- [           main] c.e.mti.controller.MtiScoresController   : Response getMtiScores imo=9123457 status=200
]]></system-out>
  </testcase>
</testsuite>